<?xml version="1.0" encoding="UTF-8"?>
<testsuite name="io.turntabl.RegisterTest" tests="1" skipped="0" failures="0" errors="0" timestamp="2019-11-05T13:26:52" hostname="Faithtower-Media" time="0.011">
  <properties/>
  <testcase name="getClientNameByIdNotPresent" classname="io.turntabl.RegisterTest" time="0.011"/>
  <system-out><![CDATA[]]></system-out>
  <system-err><![CDATA[]]></system-err>
</testsuite>
